<?xml version="1.0" encoding="UTF-8"?>
<!-- Generated by org.testng.reporters.JUnitReportReporter -->
<testsuite hostname="LAPTOP-EP6OGHFF" name="checkValue.RedmiMobile" tests="3" failures="0" timestamp="28 Dec 2022 11:05:35 GMT" time="21.509" errors="0">
  <testcase name="mobile" time="0.291" classname="checkValue.RedmiMobile"/>
  <testcase name="homePage" time="0.352" classname="checkValue.RedmiMobile"/>
  <testcase name="addCart" time="20.866" classname="checkValue.RedmiMobile"/>
</testsuite> <!-- checkValue.RedmiMobile -->
